This file contains any messages produced by compilers while
running configure, to aid debugging if configure makes a mistake.

It was created by udis86 configure 1.7.2, which was
generated by GNU Autoconf 2.69.  Invocation command line was

  $ ./configure 

## --------- ##
## Platform. ##
## --------- ##

hostname = Beast
uname -m = x86_64
uname -r = 3.13.0-45-generic
uname -s = Linux
uname -v = #74-Ubuntu SMP Tue Jan 13 19:36:28 UTC 2015

/usr/bin/uname -p = unknown
/bin/uname -X     = unknown

/bin/arch              = unknown
/usr/bin/arch -k       = unknown
/usr/convex/getsysinfo = unknown
/usr/bin/hostinfo      = unknown
/bin/machine           = unknown
/usr/bin/oslevel       = unknown
/bin/universe          = unknown

PATH: /usr/local/sbin
PATH: /usr/local/bin
PATH: /usr/sbin
PATH: /usr/bin
PATH: /sbin
PATH: /bin
PATH: /usr/games
PATH: /usr/local/games


## ----------- ##
## Core tests. ##
## ----------- ##

configure:2497: checking build system type
configure:2511: result: x86_64-unknown-linux-gnu
configure:2531: checking host system type
configure:2544: result: x86_64-unknown-linux-gnu
configure:2891: checking for a BSD-compatible install
configure:2959: result: /usr/bin/install -c
configure:2970: checking whether build environment is sane
configure:3025: result: yes
configure:3176: checking for a thread-safe mkdir -p
configure:3215: result: /bin/mkdir -p
configure:3222: checking for gawk
configure:3252: result: no
configure:3222: checking for mawk
configure:3238: found /usr/bin/mawk
configure:3249: result: mawk
configure:3260: checking whether make sets $(MAKE)
configure:3282: result: yes
configure:3311: checking whether make supports nested variables
configure:3328: result: yes
configure:3469: checking for gcc
configure:3485: found /usr/bin/gcc
configure:3496: result: gcc
configure:3725: checking for C compiler version
configure:3734: gcc --version >&5
gcc (Ubuntu 4.8.2-19ubuntu1) 4.8.2
Copyright (C) 2013 Free Software Foundation, Inc.
This is free software; see the source for copying conditions.  There is NO
warranty; not even for MERCHANTABILITY or FITNESS FOR A PARTICULAR PURPOSE.

configure:3745: $? = 0
configure:3734: gcc -v >&5
Using built-in specs.
COLLECT_GCC=gcc
COLLECT_LTO_WRAPPER=/usr/lib/gcc/x86_64-linux-gnu/4.8/lto-wrapper
Target: x86_64-linux-gnu
Configured with: ../src/configure -v --with-pkgversion='Ubuntu 4.8.2-19ubuntu1' --with-bugurl=file:///usr/share/doc/gcc-4.8/README.Bugs --enable-languages=c,c++,java,go,d,fortran,objc,obj-c++ --prefix=/usr --program-suffix=-4.8 --enable-shared --enable-linker-build-id --libexecdir=/usr/lib --without-included-gettext --enable-threads=posix --with-gxx-include-dir=/usr/include/c++/4.8 --libdir=/usr/lib --enable-nls --with-sysroot=/ --enable-clocale=gnu --enable-libstdcxx-debug --enable-libstdcxx-time=yes --enable-gnu-unique-object --disable-libmudflap --enable-plugin --with-system-zlib --disable-browser-plugin --enable-java-awt=gtk --enable-gtk-cairo --with-java-home=/usr/lib/jvm/java-1.5.0-gcj-4.8-amd64/jre --enable-java-home --with-jvm-root-dir=/usr/lib/jvm/java-1.5.0-gcj-4.8-amd64 --with-jvm-jar-dir=/usr/lib/jvm-exports/java-1.5.0-gcj-4.8-amd64 --with-arch-directory=amd64 --with-ecj-jar=/usr/share/java/eclipse-ecj.jar --enable-objc-gc --enable-multiarch --disable-werror --with-arch-32=i686 --with-abi=m64 --with-multilib-list=m32,m64,mx32 --with-tune=generic --enable-checking=release --build=x86_64-linux-gnu --host=x86_64-linux-gnu --target=x86_64-linux-gnu
Thread model: posix
gcc version 4.8.2 (Ubuntu 4.8.2-19ubuntu1) 
configure:3745: $? = 0
configure:3734: gcc -V >&5
gcc: error: unrecognized command line option '-V'
gcc: fatal error: no input files
compilation terminated.
configure:3745: $? = 4
configure:3734: gcc -qversion >&5
gcc: error: unrecognized command line option '-qversion'
gcc: fatal error: no input files
compilation terminated.
configure:3745: $? = 4
configure:3765: checking whether the C compiler works
configure:3787: gcc    conftest.c  >&5
configure:3791: $? = 0
configure:3839: result: yes
configure:3842: checking for C compiler default output file name
configure:3844: result: a.out
configure:3850: checking for suffix of executables
configure:3857: gcc -o conftest    conftest.c  >&5
configure:3861: $? = 0
configure:3883: result: 
configure:3905: checking whether we are cross compiling
configure:3913: gcc -o conftest    conftest.c  >&5
configure:3917: $? = 0
configure:3924: ./conftest
configure:3928: $? = 0
configure:3943: result: no
configure:3948: checking for suffix of object files
configure:3970: gcc -c   conftest.c >&5
configure:3974: $? = 0
configure:3995: result: o
configure:3999: checking whether we are using the GNU C compiler
configure:4018: gcc -c   conftest.c >&5
configure:4018: $? = 0
configure:4027: result: yes
configure:4036: checking whether gcc accepts -g
configure:4056: gcc -c -g  conftest.c >&5
configure:4056: $? = 0
configure:4097: result: yes
configure:4114: checking for gcc option to accept ISO C89
configure:4177: gcc  -c -g -O2  conftest.c >&5
configure:4177: $? = 0
configure:4190: result: none needed
configure:4221: checking for style of include used by make
configure:4249: result: GNU
configure:4275: checking dependency style of gcc
configure:4386: result: gcc3
configure:4478: checking how to print strings
configure:4505: result: printf
configure:4526: checking for a sed that does not truncate output
configure:4590: result: /bin/sed
configure:4608: checking for grep that handles long lines and -e
configure:4666: result: /bin/grep
configure:4671: checking for egrep
configure:4733: result: /bin/grep -E
configure:4738: checking for fgrep
configure:4800: result: /bin/grep -F
configure:4835: checking for ld used by gcc
configure:4902: result: /usr/bin/ld
configure:4909: checking if the linker (/usr/bin/ld) is GNU ld
configure:4924: result: yes
configure:4936: checking for BSD- or MS-compatible name lister (nm)
configure:4985: result: /usr/bin/nm -B
configure:5115: checking the name lister (/usr/bin/nm -B) interface
configure:5122: gcc -c -g -O2  conftest.c >&5
configure:5125: /usr/bin/nm -B "conftest.o"
configure:5128: output
0000000000000000 B some_variable
configure:5135: result: BSD nm
configure:5138: checking whether ln -s works
configure:5142: result: yes
configure:5150: checking the maximum length of command line arguments
configure:5280: result: 1572864
configure:5297: checking whether the shell understands some XSI constructs
configure:5307: result: yes
configure:5311: checking whether the shell understands "+="
configure:5317: result: yes
configure:5352: checking how to convert x86_64-unknown-linux-gnu file names to x86_64-unknown-linux-gnu format
configure:5392: result: func_convert_file_noop
configure:5399: checking how to convert x86_64-unknown-linux-gnu file names to toolchain format
configure:5419: result: func_convert_file_noop
configure:5426: checking for /usr/bin/ld option to reload object files
configure:5433: result: -r
configure:5507: checking for objdump
configure:5523: found /usr/bin/objdump
configure:5534: result: objdump
configure:5563: checking how to recognize dependent libraries
configure:5765: result: pass_all
configure:5850: checking for dlltool
configure:5880: result: no
configure:5907: checking how to associate runtime and link libraries
configure:5934: result: printf %s\n
configure:5995: checking for ar
configure:6011: found /usr/bin/ar
configure:6022: result: ar
configure:6059: checking for archiver @FILE support
configure:6076: gcc -c -g -O2  conftest.c >&5
configure:6076: $? = 0
configure:6079: ar cru libconftest.a @conftest.lst >&5
configure:6082: $? = 0
configure:6087: ar cru libconftest.a @conftest.lst >&5
ar: conftest.o: No such file or directory
configure:6090: $? = 1
configure:6102: result: @
configure:6160: checking for strip
configure:6176: found /usr/bin/strip
configure:6187: result: strip
configure:6259: checking for ranlib
configure:6275: found /usr/bin/ranlib
configure:6286: result: ranlib
configure:6388: checking command to parse /usr/bin/nm -B output from gcc object
configure:6508: gcc -c -g -O2  conftest.c >&5
configure:6511: $? = 0
configure:6515: /usr/bin/nm -B conftest.o \| sed -n -e 's/^.*[ ]\([ABCDGIRSTW][ABCDGIRSTW]*\)[ ][ ]*\([_A-Za-z][_A-Za-z0-9]*\)$/\1 \2 \2/p' | sed '/ __gnu_lto/d' \> conftest.nm
configure:6518: $? = 0
configure:6584: gcc -o conftest -g -O2   conftest.c conftstm.o >&5
configure:6587: $? = 0
configure:6625: result: ok
configure:6662: checking for sysroot
configure:6692: result: no
configure:6769: gcc -c -g -O2  conftest.c >&5
configure:6772: $? = 0
configure:6948: checking for mt
configure:6964: found /bin/mt
configure:6975: result: mt
configure:6998: checking if mt is a manifest tool
configure:7004: mt '-?'
configure:7012: result: no
configure:7654: checking how to run the C preprocessor
configure:7685: gcc -E  conftest.c
configure:7685: $? = 0
configure:7699: gcc -E  conftest.c
conftest.c:11:28: fatal error: ac_nonexistent.h: No such file or directory
 #include <ac_nonexistent.h>
                            ^
compilation terminated.
configure:7699: $? = 1
configure: failed program was:
| /* confdefs.h */
| #define PACKAGE_NAME "udis86"
| #define PACKAGE_TARNAME "udis86"
| #define PACKAGE_VERSION "1.7.2"
| #define PACKAGE_STRING "udis86 1.7.2"
| #define PACKAGE_BUGREPORT "vivek.mt@gmail.com"
| #define PACKAGE_URL ""
| #define PACKAGE "udis86"
| #define VERSION "1.7.2"
| /* end confdefs.h.  */
| #include <ac_nonexistent.h>
configure:7724: result: gcc -E
configure:7744: gcc -E  conftest.c
configure:7744: $? = 0
configure:7758: gcc -E  conftest.c
conftest.c:11:28: fatal error: ac_nonexistent.h: No such file or directory
 #include <ac_nonexistent.h>
                            ^
compilation terminated.
configure:7758: $? = 1
configure: failed program was:
| /* confdefs.h */
| #define PACKAGE_NAME "udis86"
| #define PACKAGE_TARNAME "udis86"
| #define PACKAGE_VERSION "1.7.2"
| #define PACKAGE_STRING "udis86 1.7.2"
| #define PACKAGE_BUGREPORT "vivek.mt@gmail.com"
| #define PACKAGE_URL ""
| #define PACKAGE "udis86"
| #define VERSION "1.7.2"
| /* end confdefs.h.  */
| #include <ac_nonexistent.h>
configure:7787: checking for ANSI C header files
configure:7807: gcc -c -g -O2  conftest.c >&5
configure:7807: $? = 0
configure:7880: gcc -o conftest -g -O2   conftest.c  >&5
configure:7880: $? = 0
configure:7880: ./conftest
configure:7880: $? = 0
configure:7891: result: yes
configure:7904: checking for sys/types.h
configure:7904: gcc -c -g -O2  conftest.c >&5
configure:7904: $? = 0
configure:7904: result: yes
configure:7904: checking for sys/stat.h
configure:7904: gcc -c -g -O2  conftest.c >&5
configure:7904: $? = 0
configure:7904: result: yes
configure:7904: checking for stdlib.h
configure:7904: gcc -c -g -O2  conftest.c >&5
configure:7904: $? = 0
configure:7904: result: yes
configure:7904: checking for string.h
configure:7904: gcc -c -g -O2  conftest.c >&5
configure:7904: $? = 0
configure:7904: result: yes
configure:7904: checking for memory.h
configure:7904: gcc -c -g -O2  conftest.c >&5
configure:7904: $? = 0
configure:7904: result: yes
configure:7904: checking for strings.h
configure:7904: gcc -c -g -O2  conftest.c >&5
configure:7904: $? = 0
configure:7904: result: yes
configure:7904: checking for inttypes.h
configure:7904: gcc -c -g -O2  conftest.c >&5
configure:7904: $? = 0
configure:7904: result: yes
configure:7904: checking for stdint.h
configure:7904: gcc -c -g -O2  conftest.c >&5
configure:7904: $? = 0
configure:7904: result: yes
configure:7904: checking for unistd.h
configure:7904: gcc -c -g -O2  conftest.c >&5
configure:7904: $? = 0
configure:7904: result: yes
configure:7918: checking for dlfcn.h
configure:7918: gcc -c -g -O2  conftest.c >&5
configure:7918: $? = 0
configure:7918: result: yes
configure:8092: checking for objdir
configure:8107: result: .libs
configure:8378: checking if gcc supports -fno-rtti -fno-exceptions
configure:8396: gcc -c -g -O2  -fno-rtti -fno-exceptions conftest.c >&5
cc1: warning: command line option '-fno-rtti' is valid for C++/ObjC++ but not for C [enabled by default]
configure:8400: $? = 0
configure:8413: result: no
configure:8740: checking for gcc option to produce PIC
configure:8747: result: -fPIC -DPIC
configure:8755: checking if gcc PIC flag -fPIC -DPIC works
configure:8773: gcc -c -g -O2  -fPIC -DPIC -DPIC conftest.c >&5
configure:8777: $? = 0
configure:8790: result: yes
configure:8819: checking if gcc static flag -static works
configure:8847: result: yes
configure:8862: checking if gcc supports -c -o file.o
configure:8883: gcc -c -g -O2  -o out/conftest2.o conftest.c >&5
configure:8887: $? = 0
configure:8909: result: yes
configure:8917: checking if gcc supports -c -o file.o
configure:8964: result: yes
configure:8997: checking whether the gcc linker (/usr/bin/ld -m elf_x86_64) supports shared libraries
configure:10150: result: yes
configure:10390: checking dynamic linker characteristics
configure:10901: gcc -o conftest -g -O2   -Wl,-rpath -Wl,/foo conftest.c  >&5
configure:10901: $? = 0
configure:11123: result: GNU/Linux ld.so
configure:11230: checking how to hardcode library paths into programs
configure:11255: result: immediate
configure:11795: checking whether stripping libraries is possible
configure:11800: result: yes
configure:11835: checking if libtool supports shared libraries
configure:11837: result: yes
configure:11840: checking whether to build shared libraries
configure:11861: result: no
configure:11864: checking whether to build static libraries
configure:11868: result: yes
configure:11934: checking whether gcc and cc understand -c and -o together
configure:11965: gcc -c conftest.c -o conftest2.o >&5
configure:11969: $? = 0
configure:11975: gcc -c conftest.c -o conftest2.o >&5
configure:11979: $? = 0
configure:11990: cc -c conftest.c >&5
configure:11994: $? = 0
configure:12002: cc -c conftest.c -o conftest2.o >&5
configure:12006: $? = 0
configure:12012: cc -c conftest.c -o conftest2.o >&5
configure:12016: $? = 0
configure:12034: result: yes
configure:12079: checking whether python executable path has been provided
configure:12145: result: no
configure:12149: checking for python
configure:12167: found /usr/bin/python
configure:12179: result: /usr/bin/python
configure:12216: checking whether yasm executable path has been provided
configure:12282: result: no
configure:12286: checking for yasm
configure:12319: result: no
configure:12400: WARNING: could not find the yasm
configure:12428: checking whether sphinx-build executable path has been provided
configure:12494: result: no
configure:12498: checking for sphinx-build
configure:12531: result: no
configure:12612: WARNING: could not find the sphinx documentation tool
configure:12630: checking assert.h usability
configure:12630: gcc -c -g -O2 -Wall  conftest.c >&5
configure:12630: $? = 0
configure:12630: result: yes
configure:12630: checking assert.h presence
configure:12630: gcc -E  conftest.c
configure:12630: $? = 0
configure:12630: result: yes
configure:12630: checking for assert.h
configure:12630: result: yes
configure:12630: checking stdio.h usability
configure:12630: gcc -c -g -O2 -Wall  conftest.c >&5
configure:12630: $? = 0
configure:12630: result: yes
configure:12630: checking stdio.h presence
configure:12630: gcc -E  conftest.c
configure:12630: $? = 0
configure:12630: result: yes
configure:12630: checking for stdio.h
configure:12630: result: yes
configure:12753: checking that generated files are newer than configure
configure:12759: result: done
configure:12794: creating ./config.status

## ---------------------- ##
## Running config.status. ##
## ---------------------- ##

This file was extended by udis86 config.status 1.7.2, which was
generated by GNU Autoconf 2.69.  Invocation command line was

  CONFIG_FILES    = 
  CONFIG_HEADERS  = 
  CONFIG_LINKS    = 
  CONFIG_COMMANDS = 
  $ ./config.status 

on Beast

config.status:1104: creating Makefile
config.status:1104: creating scripts/Makefile
config.status:1104: creating libudis86/Makefile
config.status:1104: creating udcli/Makefile
config.status:1104: creating tests/Makefile
config.status:1104: creating docs/Makefile
config.status:1104: creating docs/manual/Makefile
config.status:1104: creating docs/x86/Makefile
config.status:1104: creating tests/difftest.sh
config.status:1104: creating config.h
config.status:1333: executing depfiles commands
config.status:1333: executing libtool commands

## ---------------- ##
## Cache variables. ##
## ---------------- ##

ac_cv_build=x86_64-unknown-linux-gnu
ac_cv_c_compiler_gnu=yes
ac_cv_env_CC_set=
ac_cv_env_CC_value=
ac_cv_env_CFLAGS_set=
ac_cv_env_CFLAGS_value=
ac_cv_env_CPPFLAGS_set=
ac_cv_env_CPPFLAGS_value=
ac_cv_env_CPP_set=
ac_cv_env_CPP_value=
ac_cv_env_LDFLAGS_set=
ac_cv_env_LDFLAGS_value=
ac_cv_env_LIBS_set=
ac_cv_env_LIBS_value=
ac_cv_env_PYTHON_set=
ac_cv_env_PYTHON_value=
ac_cv_env_SPHINX_BUILD_set=
ac_cv_env_SPHINX_BUILD_value=
ac_cv_env_YASM_set=
ac_cv_env_YASM_value=
ac_cv_env_build_alias_set=
ac_cv_env_build_alias_value=
ac_cv_env_host_alias_set=
ac_cv_env_host_alias_value=
ac_cv_env_target_alias_set=
ac_cv_env_target_alias_value=
ac_cv_header_assert_h=yes
ac_cv_header_dlfcn_h=yes
ac_cv_header_inttypes_h=yes
ac_cv_header_memory_h=yes
ac_cv_header_stdc=yes
ac_cv_header_stdint_h=yes
ac_cv_header_stdio_h=yes
ac_cv_header_stdlib_h=yes
ac_cv_header_string_h=yes
ac_cv_header_strings_h=yes
ac_cv_header_sys_stat_h=yes
ac_cv_header_sys_types_h=yes
ac_cv_header_unistd_h=yes
ac_cv_host=x86_64-unknown-linux-gnu
ac_cv_objext=o
ac_cv_path_EGREP='/bin/grep -E'
ac_cv_path_FGREP='/bin/grep -F'
ac_cv_path_GREP=/bin/grep
ac_cv_path_PYTHON=/usr/bin/python
ac_cv_path_SED=/bin/sed
ac_cv_path_install='/usr/bin/install -c'
ac_cv_path_mkdir=/bin/mkdir
ac_cv_prog_AWK=mawk
ac_cv_prog_CPP='gcc -E'
ac_cv_prog_ac_ct_AR=ar
ac_cv_prog_ac_ct_CC=gcc
ac_cv_prog_ac_ct_MANIFEST_TOOL=mt
ac_cv_prog_ac_ct_OBJDUMP=objdump
ac_cv_prog_ac_ct_RANLIB=ranlib
ac_cv_prog_ac_ct_STRIP=strip
ac_cv_prog_cc_c89=
ac_cv_prog_cc_g=yes
ac_cv_prog_cc_gcc_c_o=yes
ac_cv_prog_make_make_set=yes
am_cv_CC_dependencies_compiler_type=gcc3
am_cv_make_support_nested_variables=yes
lt_cv_ar_at_file=@
lt_cv_deplibs_check_method=pass_all
lt_cv_file_magic_cmd='$MAGIC_CMD'
lt_cv_file_magic_test_file=
lt_cv_ld_reload_flag=-r
lt_cv_nm_interface='BSD nm'
lt_cv_objdir=.libs
lt_cv_path_LD=/usr/bin/ld
lt_cv_path_NM='/usr/bin/nm -B'
lt_cv_path_mainfest_tool=no
lt_cv_prog_compiler_c_o=yes
lt_cv_prog_compiler_pic='-fPIC -DPIC'
lt_cv_prog_compiler_pic_works=yes
lt_cv_prog_compiler_rtti_exceptions=no
lt_cv_prog_compiler_static_works=yes
lt_cv_prog_gnu_ld=yes
lt_cv_sharedlib_from_linklib_cmd='printf %s\n'
lt_cv_shlibpath_overrides_runpath=no
lt_cv_sys_global_symbol_pipe='sed -n -e '\''s/^.*[	 ]\([ABCDGIRSTW][ABCDGIRSTW]*\)[	 ][	 ]*\([_A-Za-z][_A-Za-z0-9]*\)$/\1 \2 \2/p'\'' | sed '\''/ __gnu_lto/d'\'''
lt_cv_sys_global_symbol_to_c_name_address='sed -n -e '\''s/^: \([^ ]*\)[ ]*$/  {\"\1\", (void *) 0},/p'\'' -e '\''s/^[ABCDGIRSTW]* \([^ ]*\) \([^ ]*\)$/  {"\2", (void *) \&\2},/p'\'''
lt_cv_sys_global_symbol_to_c_name_address_lib_prefix='sed -n -e '\''s/^: \([^ ]*\)[ ]*$/  {\"\1\", (void *) 0},/p'\'' -e '\''s/^[ABCDGIRSTW]* \([^ ]*\) \(lib[^ ]*\)$/  {"\2", (void *) \&\2},/p'\'' -e '\''s/^[ABCDGIRSTW]* \([^ ]*\) \([^ ]*\)$/  {"lib\2", (void *) \&\2},/p'\'''
lt_cv_sys_global_symbol_to_cdecl='sed -n -e '\''s/^T .* \(.*\)$/extern int \1();/p'\'' -e '\''s/^[ABCDGIRSTW]* .* \(.*\)$/extern char \1;/p'\'''
lt_cv_sys_max_cmd_len=1572864
lt_cv_to_host_file_cmd=func_convert_file_noop
lt_cv_to_tool_file_cmd=func_convert_file_noop

## ----------------- ##
## Output variables. ##
## ----------------- ##

ACLOCAL='${SHELL} /home/brandon/Desktop/udis86-1.7.2/build/missing aclocal-1.13'
ACLOCAL_AMFLAGS='-I  ${ACLOCAL_FLAGS}'
AMDEPBACKSLASH='\'
AMDEP_FALSE='#'
AMDEP_TRUE=''
AMTAR='$${TAR-tar}'
AM_BACKSLASH='\'
AM_DEFAULT_V='$(AM_DEFAULT_VERBOSITY)'
AM_DEFAULT_VERBOSITY='1'
AM_V='$(V)'
AR='ar'
AS=''
AUTOCONF='${SHELL} /home/brandon/Desktop/udis86-1.7.2/build/missing autoconf'
AUTOHEADER='${SHELL} /home/brandon/Desktop/udis86-1.7.2/build/missing autoheader'
AUTOMAKE='${SHELL} /home/brandon/Desktop/udis86-1.7.2/build/missing automake-1.13'
AWK='mawk'
CC='gcc'
CCDEPMODE='depmode=gcc3'
CFLAGS='-g -O2 -Wall'
CPP='gcc -E'
CPPFLAGS=''
CYGPATH_W='echo'
DEFS='-DHAVE_CONFIG_H'
DEPDIR='.deps'
DLLTOOL='false'
DSYMUTIL=''
DUMPBIN=''
ECHO_C=''
ECHO_N='-n'
ECHO_T=''
EGREP='/bin/grep -E'
EXEEXT=''
FGREP='/bin/grep -F'
GREP='/bin/grep'
HAVE_SPHINX_DOC_FALSE=''
HAVE_SPHINX_DOC_TRUE='#'
HAVE_YASM_FALSE=''
HAVE_YASM_TRUE='#'
INSTALL_DATA='${INSTALL} -m 644'
INSTALL_PROGRAM='${INSTALL}'
INSTALL_SCRIPT='${INSTALL}'
INSTALL_STRIP_PROGRAM='$(install_sh) -c -s'
LD='/usr/bin/ld -m elf_x86_64'
LDFLAGS=''
LIBOBJS=''
LIBS=''
LIBTOOL='$(SHELL) $(top_builddir)/libtool'
LIPO=''
LN_S='ln -s'
LTLIBOBJS=''
MAKEINFO='${SHELL} /home/brandon/Desktop/udis86-1.7.2/build/missing makeinfo'
MANIFEST_TOOL=':'
MKDIR_P='/bin/mkdir -p'
NM='/usr/bin/nm -B'
NMEDIT=''
OBJDUMP='objdump'
OBJEXT='o'
OTOOL64=''
OTOOL=''
PACKAGE='udis86'
PACKAGE_BUGREPORT='vivek.mt@gmail.com'
PACKAGE_NAME='udis86'
PACKAGE_STRING='udis86 1.7.2'
PACKAGE_TARNAME='udis86'
PACKAGE_URL=''
PACKAGE_VERSION='1.7.2'
PATH_SEPARATOR=':'
PYTHON='/usr/bin/python'
RANLIB='ranlib'
SED='/bin/sed'
SET_MAKE=''
SHELL='/bin/bash'
SPHINX_BUILD=''
SPHINX_VERSION=''
STRIP='strip'
TARGET_WINDOWS_FALSE=''
TARGET_WINDOWS_TRUE='#'
VERSION='1.7.2'
YASM=''
YASM_VERSION=''
ac_ct_AR='ar'
ac_ct_CC='gcc'
ac_ct_DUMPBIN=''
am__EXEEXT_FALSE=''
am__EXEEXT_TRUE='#'
am__fastdepCC_FALSE='#'
am__fastdepCC_TRUE=''
am__include='include'
am__isrc=''
am__leading_dot='.'
am__nodep='_no'
am__quote=''
am__tar='$${TAR-tar} chof - "$$tardir"'
am__untar='$${TAR-tar} xf -'
bindir='${exec_prefix}/bin'
build='x86_64-unknown-linux-gnu'
build_alias=''
build_cpu='x86_64'
build_os='linux-gnu'
build_vendor='unknown'
datadir='${datarootdir}'
datarootdir='${prefix}/share'
docdir='${datarootdir}/doc/${PACKAGE_TARNAME}'
dvidir='${docdir}'
exec_prefix='${prefix}'
host='x86_64-unknown-linux-gnu'
host_alias=''
host_cpu='x86_64'
host_os='linux-gnu'
host_vendor='unknown'
htmldir='${docdir}'
includedir='${prefix}/include'
infodir='${datarootdir}/info'
install_sh='${SHELL} /home/brandon/Desktop/udis86-1.7.2/build/install-sh'
libdir='${exec_prefix}/lib'
libexecdir='${exec_prefix}/libexec'
localedir='${datarootdir}/locale'
localstatedir='${prefix}/var'
mandir='${datarootdir}/man'
mkdir_p='$(MKDIR_P)'
oldincludedir='/usr/include'
pdfdir='${docdir}'
prefix='/usr/local'
program_transform_name='s,x,x,'
psdir='${docdir}'
sbindir='${exec_prefix}/sbin'
sharedstatedir='${prefix}/com'
sysconfdir='${prefix}/etc'
target_alias=''

## ----------- ##
## confdefs.h. ##
## ----------- ##

/* confdefs.h */
#define PACKAGE_NAME "udis86"
#define PACKAGE_TARNAME "udis86"
#define PACKAGE_VERSION "1.7.2"
#define PACKAGE_STRING "udis86 1.7.2"
#define PACKAGE_BUGREPORT "vivek.mt@gmail.com"
#define PACKAGE_URL ""
#define PACKAGE "udis86"
#define VERSION "1.7.2"
#define STDC_HEADERS 1
#define HAVE_SYS_TYPES_H 1
#define HAVE_SYS_STAT_H 1
#define HAVE_STDLIB_H 1
#define HAVE_STRING_H 1
#define HAVE_MEMORY_H 1
#define HAVE_STRINGS_H 1
#define HAVE_INTTYPES_H 1
#define HAVE_STDINT_H 1
#define HAVE_UNISTD_H 1
#define HAVE_DLFCN_H 1
#define LT_OBJDIR ".libs/"
#define HAVE_ASSERT_H 1
#define HAVE_STDIO_H 1

configure: exit 0
